<?xml version="1.0" encoding="UTF-8"?>
<!-- Generated by org.testng.reporters.JUnitXMLReporter -->
<testsuite hostname="DSHYD-103" ignored="0" name="Default test" tests="12" failures="0" timestamp="27 Jul 2018 13:26:47 GMT" time="75.157" errors="0">
  <testcase name="f" time="8.194" classname="com.performance.sagicor.pdf.SagicorTestRunAll"/>
  <testcase name="f" time="5.154" classname="com.performance.sagicor.pdf.SagicorTestRunAll"/>
  <testcase name="f" time="4.324" classname="com.performance.sagicor.pdf.SagicorTestRunAll"/>
  <testcase name="f" time="4.918" classname="com.performance.sagicor.pdf.SagicorTestRunAll"/>
  <testcase name="f" time="5.26" classname="com.performance.sagicor.pdf.SagicorTestRunAll"/>
  <testcase name="f" time="5.583" classname="com.performance.sagicor.pdf.SagicorTestRunAll"/>
  <testcase name="f" time="6.145" classname="com.performance.sagicor.pdf.SagicorTestRunAll"/>
  <testcase name="f" time="7.01" classname="com.performance.sagicor.pdf.SagicorTestRunAll"/>
  <testcase name="f" time="6.165" classname="com.performance.sagicor.pdf.SagicorTestRunAll"/>
  <testcase name="f" time="7.374" classname="com.performance.sagicor.pdf.SagicorTestRunAll"/>
  <testcase name="f" time="7.769" classname="com.performance.sagicor.pdf.SagicorTestRunAll"/>
  <testcase name="f" time="7.221" classname="com.performance.sagicor.pdf.SagicorTestRunAll"/>
</testsuite> <!-- Default test -->
